============================= test session starts ==============================
platform linux -- Python 3.12.3, pytest-9.0.2, pluggy-1.6.0 -- /home/bayajidswe/My-files/poridhi-project/node-fleet/tests/test_venv/bin/python3
cachedir: .pytest_cache
rootdir: /home/bayajidswe/My-files/poridhi-project/node-fleet/tests/lambda
configfile: pytest.ini
plugins: cov-7.0.0
collecting ... collected 95 items

lambda/test_autoscaler_integration.py::test_lambda_handler_scale_up PASSED [  1%]
lambda/test_autoscaler_integration.py::test_lambda_handler_no_scaling_needed PASSED [  2%]
lambda/test_autoscaler_integration.py::test_lambda_handler_lock_held PASSED [  3%]
lambda/test_autoscaler_integration.py::test_lambda_handler_error_handling PASSED [  4%]
lambda/test_custom_metrics.py::test_custom_metrics_collector_init FAILED [  5%]
lambda/test_custom_metrics.py::test_get_queue_depth ERROR                [  6%]
lambda/test_custom_metrics.py::test_get_queue_depth_no_data ERROR        [  7%]
lambda/test_custom_metrics.py::test_get_api_latency_p95 ERROR            [  8%]
lambda/test_custom_metrics.py::test_get_api_latency_no_data ERROR        [  9%]
lambda/test_custom_metrics.py::test_get_request_rate ERROR               [ 10%]
lambda/test_custom_metrics.py::test_get_error_rate ERROR                 [ 11%]
lambda/test_custom_metrics.py::test_get_error_rate_no_errors ERROR       [ 12%]
lambda/test_custom_metrics.py::test_get_active_connections ERROR         [ 13%]
lambda/test_custom_metrics.py::test_get_custom_metric ERROR              [ 14%]
lambda/test_custom_metrics.py::test_evaluate_scaling_need_queue_depth ERROR [ 15%]
lambda/test_custom_metrics.py::test_evaluate_scaling_need_latency ERROR  [ 16%]
lambda/test_custom_metrics.py::test_evaluate_scaling_need_error_rate ERROR [ 17%]
lambda/test_custom_metrics.py::test_evaluate_scaling_need_connections ERROR [ 18%]
lambda/test_custom_metrics.py::test_evaluate_scaling_need_no_scale ERROR [ 20%]
lambda/test_custom_metrics.py::test_evaluate_scaling_need_multiple_triggers ERROR [ 21%]
lambda/test_custom_metrics.py::test_get_custom_metrics_convenience_function ERROR [ 22%]
lambda/test_custom_metrics.py::test_prometheus_error_handling ERROR      [ 23%]
lambda/test_ec2_manager.py::test_scale_up_on_demand_only FAILED          [ 24%]
lambda/test_ec2_manager.py::test_scale_up_mixed_instances FAILED         [ 25%]
lambda/test_ec2_manager.py::test_scale_down_success FAILED               [ 26%]
lambda/test_ec2_manager.py::test_scale_down_prefers_spot PASSED          [ 27%]
lambda/test_ec2_manager.py::test_get_worker_instances FAILED             [ 28%]
lambda/test_metrics_collector.py::test_collect_metrics_success ERROR     [ 29%]
lambda/test_metrics_collector.py::test_collect_metrics_empty_response ERROR [ 30%]
lambda/test_metrics_collector.py::test_collect_metrics_no_url PASSED     [ 31%]
lambda/test_metrics_collector.py::test_collect_metrics_connection_error ERROR [ 32%]
lambda/test_multi_az.py::test_multi_az_distribution FAILED               [ 33%]
lambda/test_multi_az.py::test_az_round_robin FAILED                      [ 34%]
lambda/test_multi_az.py::test_az_fallback_on_error FAILED                [ 35%]
lambda/test_predictive_scaling.py::test_predictive_scaler_initialization PASSED [ 36%]
lambda/test_predictive_scaling.py::test_store_metrics FAILED             [ 37%]
lambda/test_predictive_scaling.py::test_get_historical_metrics FAILED    [ 38%]
lambda/test_predictive_scaling.py::test_detect_hourly_patterns PASSED    [ 40%]
lambda/test_predictive_scaling.py::test_detect_weekly_patterns PASSED    [ 41%]
lambda/test_predictive_scaling.py::test_predict_next_hour_load_insufficient_data PASSED [ 42%]
lambda/test_predictive_scaling.py::test_predict_next_hour_load_with_patterns FAILED [ 43%]
lambda/test_predictive_scaling.py::test_should_proactive_scale_up_cpu_spike PASSED [ 44%]
lambda/test_predictive_scaling.py::test_should_proactive_scale_up_memory_spike PASSED [ 45%]
lambda/test_predictive_scaling.py::test_should_proactive_scale_up_low_confidence PASSED [ 46%]
lambda/test_predictive_scaling.py::test_should_proactive_scale_up_no_spike PASSED [ 47%]
lambda/test_predictive_scaling.py::test_calculate_recommended_nodes_increase PASSED [ 48%]
lambda/test_predictive_scaling.py::test_calculate_recommended_nodes_no_change PASSED [ 49%]
lambda/test_predictive_scaling.py::test_calculate_recommended_nodes_min_bound PASSED [ 50%]
lambda/test_scaling_decision.py::test_scale_up_high_cpu PASSED           [ 51%]
lambda/test_scaling_decision.py::test_scale_up_pending_pods PASSED       [ 52%]
lambda/test_scaling_decision.py::test_scale_up_high_memory PASSED        [ 53%]
lambda/test_scaling_decision.py::test_scale_up_multiple_nodes_extreme_load PASSED [ 54%]
lambda/test_scaling_decision.py::test_scale_up_blocked_at_max PASSED     [ 55%]
lambda/test_scaling_decision.py::test_scale_up_cooldown PASSED           [ 56%]
lambda/test_scaling_decision.py::test_scale_down_low_utilization PASSED  [ 57%]
lambda/test_scaling_decision.py::test_scale_down_blocked_at_min PASSED   [ 58%]
lambda/test_scaling_decision.py::test_scale_down_blocked_by_pending_pods PASSED [ 60%]
lambda/test_scaling_decision.py::test_no_scaling_stable_metrics PASSED   [ 61%]
lambda/test_spot_instances.py::test_calculate_spot_ondemand_mix_initial_scale PASSED [ 62%]
lambda/test_spot_instances.py::test_calculate_spot_ondemand_mix_maintain_ratio PASSED [ 63%]
lambda/test_spot_instances.py::test_calculate_spot_ondemand_mix_rebalance PASSED [ 64%]
lambda/test_spot_instances.py::test_calculate_spot_ondemand_mix_no_scale PASSED [ 65%]
lambda/test_spot_instances.py::test_calculate_spot_ondemand_mix_scale_down PASSED [ 66%]
lambda/test_spot_instances.py::test_get_spot_interruption_notices FAILED [ 67%]
lambda/test_spot_instances.py::test_handle_spot_interruption FAILED      [ 68%]
lambda/test_spot_instances.py::test_get_spot_price_recommendations FAILED [ 69%]
lambda/test_spot_instances.py::test_should_use_spot_instance_below_target PASSED [ 70%]
lambda/test_spot_instances.py::test_should_use_spot_instance_above_target PASSED [ 71%]
lambda/test_spot_instances.py::test_should_use_spot_instance_at_target PASSED [ 72%]
lambda/test_spot_instances.py::test_should_use_spot_instance_empty_cluster PASSED [ 73%]
lambda/test_spot_instances.py::test_get_spot_interruption_notices_empty PASSED [ 74%]
lambda/test_spot_instances.py::test_handle_spot_interruption_failure PASSED [ 75%]
lambda/test_state_manager.py::test_acquire_lock_success FAILED           [ 76%]
lambda/test_state_manager.py::test_acquire_lock_already_held FAILED      [ 77%]
lambda/test_state_manager.py::test_release_lock FAILED                   [ 78%]
lambda/test_state_manager.py::test_get_state_exists FAILED               [ 80%]
lambda/test_state_manager.py::test_get_state_not_exists FAILED           [ 81%]
lambda/test_state_manager.py::test_update_state FAILED                   [ 82%]
lambda/test_cost_system.py::TestEnhancedCostExporter::test_calculate_instance_cost_ondemand <- ../monitoring/test_cost_system.py PASSED [ 83%]
lambda/test_cost_system.py::TestEnhancedCostExporter::test_calculate_instance_cost_spot <- ../monitoring/test_cost_system.py PASSED [ 84%]
lambda/test_cost_system.py::TestEnhancedCostExporter::test_calculate_spot_savings <- ../monitoring/test_cost_system.py PASSED [ 85%]
lambda/test_cost_system.py::TestEnhancedCostExporter::test_calculate_resource_costs <- ../monitoring/test_cost_system.py PASSED [ 86%]
lambda/test_cost_system.py::TestEnhancedCostExporter::test_detect_optimization_opportunities <- ../monitoring/test_cost_system.py PASSED [ 87%]
lambda/test_cost_system.py::TestEnhancedCostExporter::test_get_pod_count <- ../monitoring/test_cost_system.py PASSED [ 88%]
lambda/test_cost_system.py::TestCostOptimizationRecommender::test_analyze_spot_opportunities_low_usage <- ../monitoring/test_cost_system.py ERROR [ 89%]
lambda/test_cost_system.py::TestCostOptimizationRecommender::test_analyze_spot_opportunities_good_usage <- ../monitoring/test_cost_system.py ERROR [ 90%]
lambda/test_cost_system.py::TestCostOptimizationRecommender::test_analyze_reserved_instance_opportunities <- ../monitoring/test_cost_system.py ERROR [ 91%]
lambda/test_cost_system.py::TestCostOptimizationRecommender::test_analyze_multi_az_balance_balanced <- ../monitoring/test_cost_system.py ERROR [ 92%]
lambda/test_cost_system.py::TestCostOptimizationRecommender::test_analyze_multi_az_balance_unbalanced <- ../monitoring/test_cost_system.py ERROR [ 93%]
lambda/test_cost_system.py::TestCostOptimizationRecommender::test_generate_report_structure <- ../monitoring/test_cost_system.py ERROR [ 94%]
lambda/test_cost_system.py::TestCostOptimizationRecommender::test_estimate_downsize_savings <- ../monitoring/test_cost_system.py ERROR [ 95%]
lambda/test_cost_system.py::TestCostMetricsIntegration::test_pricing_data_complete <- ../monitoring/test_cost_system.py PASSED [ 96%]
lambda/test_cost_system.py::TestCostMetricsIntegration::test_spot_discount_valid <- ../monitoring/test_cost_system.py PASSED [ 97%]
lambda/test_cost_system.py::TestCostMetricsIntegration::test_monthly_budget_calculations <- ../monitoring/test_cost_system.py PASSED [ 98%]
lambda/test_cost_system.py::TestCostSystemEndToEnd::test_full_cost_analysis_workflow <- ../monitoring/test_cost_system.py FAILED [100%]
ERROR: Coverage failure: total of 1 is less than fail-under=30


==================================== ERRORS ====================================
____________________ ERROR at setup of test_get_queue_depth ____________________
lambda/test_custom_metrics.py:23: in mock_prometheus
    with patch.object(custom_metrics_module, 'PrometheusConnect') as mock:
/usr/lib/python3.12/unittest/mock.py:1458: in __enter__
    original, local = self.get_original()
                      ^^^^^^^^^^^^^^^^^^^
/usr/lib/python3.12/unittest/mock.py:1431: in get_original
    raise AttributeError(
E   AttributeError: <module 'custom_metrics' from '/home/bayajidswe/My-files/poridhi-project/node-fleet/tests/lambda/../../lambda/custom_metrics.py'> does not have the attribute 'PrometheusConnect'
________________ ERROR at setup of test_get_queue_depth_no_data ________________
lambda/test_custom_metrics.py:23: in mock_prometheus
    with patch.object(custom_metrics_module, 'PrometheusConnect') as mock:
/usr/lib/python3.12/unittest/mock.py:1458: in __enter__
    original, local = self.get_original()
                      ^^^^^^^^^^^^^^^^^^^
/usr/lib/python3.12/unittest/mock.py:1431: in get_original
    raise AttributeError(
E   AttributeError: <module 'custom_metrics' from '/home/bayajidswe/My-files/poridhi-project/node-fleet/tests/lambda/../../lambda/custom_metrics.py'> does not have the attribute 'PrometheusConnect'
__________________ ERROR at setup of test_get_api_latency_p95 __________________
lambda/test_custom_metrics.py:23: in mock_prometheus
    with patch.object(custom_metrics_module, 'PrometheusConnect') as mock:
/usr/lib/python3.12/unittest/mock.py:1458: in __enter__
    original, local = self.get_original()
                      ^^^^^^^^^^^^^^^^^^^
/usr/lib/python3.12/unittest/mock.py:1431: in get_original
    raise AttributeError(
E   AttributeError: <module 'custom_metrics' from '/home/bayajidswe/My-files/poridhi-project/node-fleet/tests/lambda/../../lambda/custom_metrics.py'> does not have the attribute 'PrometheusConnect'
________________ ERROR at setup of test_get_api_latency_no_data ________________
lambda/test_custom_metrics.py:23: in mock_prometheus
    with patch.object(custom_metrics_module, 'PrometheusConnect') as mock:
/usr/lib/python3.12/unittest/mock.py:1458: in __enter__
    original, local = self.get_original()
                      ^^^^^^^^^^^^^^^^^^^
/usr/lib/python3.12/unittest/mock.py:1431: in get_original
    raise AttributeError(
E   AttributeError: <module 'custom_metrics' from '/home/bayajidswe/My-files/poridhi-project/node-fleet/tests/lambda/../../lambda/custom_metrics.py'> does not have the attribute 'PrometheusConnect'
___________________ ERROR at setup of test_get_request_rate ____________________
lambda/test_custom_metrics.py:23: in mock_prometheus
    with patch.object(custom_metrics_module, 'PrometheusConnect') as mock:
/usr/lib/python3.12/unittest/mock.py:1458: in __enter__
    original, local = self.get_original()
                      ^^^^^^^^^^^^^^^^^^^
/usr/lib/python3.12/unittest/mock.py:1431: in get_original
    raise AttributeError(
E   AttributeError: <module 'custom_metrics' from '/home/bayajidswe/My-files/poridhi-project/node-fleet/tests/lambda/../../lambda/custom_metrics.py'> does not have the attribute 'PrometheusConnect'
____________________ ERROR at setup of test_get_error_rate _____________________
lambda/test_custom_metrics.py:23: in mock_prometheus
    with patch.object(custom_metrics_module, 'PrometheusConnect') as mock:
/usr/lib/python3.12/unittest/mock.py:1458: in __enter__
    original, local = self.get_original()
                      ^^^^^^^^^^^^^^^^^^^
/usr/lib/python3.12/unittest/mock.py:1431: in get_original
    raise AttributeError(
E   AttributeError: <module 'custom_metrics' from '/home/bayajidswe/My-files/poridhi-project/node-fleet/tests/lambda/../../lambda/custom_metrics.py'> does not have the attribute 'PrometheusConnect'
_______________ ERROR at setup of test_get_error_rate_no_errors ________________
lambda/test_custom_metrics.py:23: in mock_prometheus
    with patch.object(custom_metrics_module, 'PrometheusConnect') as mock:
/usr/lib/python3.12/unittest/mock.py:1458: in __enter__
    original, local = self.get_original()
                      ^^^^^^^^^^^^^^^^^^^
/usr/lib/python3.12/unittest/mock.py:1431: in get_original
    raise AttributeError(
E   AttributeError: <module 'custom_metrics' from '/home/bayajidswe/My-files/poridhi-project/node-fleet/tests/lambda/../../lambda/custom_metrics.py'> does not have the attribute 'PrometheusConnect'
________________ ERROR at setup of test_get_active_connections _________________
lambda/test_custom_metrics.py:23: in mock_prometheus
    with patch.object(custom_metrics_module, 'PrometheusConnect') as mock:
/usr/lib/python3.12/unittest/mock.py:1458: in __enter__
    original, local = self.get_original()
                      ^^^^^^^^^^^^^^^^^^^
/usr/lib/python3.12/unittest/mock.py:1431: in get_original
    raise AttributeError(
E   AttributeError: <module 'custom_metrics' from '/home/bayajidswe/My-files/poridhi-project/node-fleet/tests/lambda/../../lambda/custom_metrics.py'> does not have the attribute 'PrometheusConnect'
___________________ ERROR at setup of test_get_custom_metric ___________________
lambda/test_custom_metrics.py:23: in mock_prometheus
    with patch.object(custom_metrics_module, 'PrometheusConnect') as mock:
/usr/lib/python3.12/unittest/mock.py:1458: in __enter__
    original, local = self.get_original()
                      ^^^^^^^^^^^^^^^^^^^
/usr/lib/python3.12/unittest/mock.py:1431: in get_original
    raise AttributeError(
E   AttributeError: <module 'custom_metrics' from '/home/bayajidswe/My-files/poridhi-project/node-fleet/tests/lambda/../../lambda/custom_metrics.py'> does not have the attribute 'PrometheusConnect'
___________ ERROR at setup of test_evaluate_scaling_need_queue_depth ___________
lambda/test_custom_metrics.py:23: in mock_prometheus
    with patch.object(custom_metrics_module, 'PrometheusConnect') as mock:
/usr/lib/python3.12/unittest/mock.py:1458: in __enter__
    original, local = self.get_original()
                      ^^^^^^^^^^^^^^^^^^^
/usr/lib/python3.12/unittest/mock.py:1431: in get_original
    raise AttributeError(
E   AttributeError: <module 'custom_metrics' from '/home/bayajidswe/My-files/poridhi-project/node-fleet/tests/lambda/../../lambda/custom_metrics.py'> does not have the attribute 'PrometheusConnect'
_____________ ERROR at setup of test_evaluate_scaling_need_latency _____________
lambda/test_custom_metrics.py:23: in mock_prometheus
    with patch.object(custom_metrics_module, 'PrometheusConnect') as mock:
/usr/lib/python3.12/unittest/mock.py:1458: in __enter__
    original, local = self.get_original()
                      ^^^^^^^^^^^^^^^^^^^
/usr/lib/python3.12/unittest/mock.py:1431: in get_original
    raise AttributeError(
E   AttributeError: <module 'custom_metrics' from '/home/bayajidswe/My-files/poridhi-project/node-fleet/tests/lambda/../../lambda/custom_metrics.py'> does not have the attribute 'PrometheusConnect'
___________ ERROR at setup of test_evaluate_scaling_need_error_rate ____________
lambda/test_custom_metrics.py:23: in mock_prometheus
    with patch.object(custom_metrics_module, 'PrometheusConnect') as mock:
/usr/lib/python3.12/unittest/mock.py:1458: in __enter__
    original, local = self.get_original()
                      ^^^^^^^^^^^^^^^^^^^
/usr/lib/python3.12/unittest/mock.py:1431: in get_original
    raise AttributeError(
E   AttributeError: <module 'custom_metrics' from '/home/bayajidswe/My-files/poridhi-project/node-fleet/tests/lambda/../../lambda/custom_metrics.py'> does not have the attribute 'PrometheusConnect'
___________ ERROR at setup of test_evaluate_scaling_need_connections ___________
lambda/test_custom_metrics.py:23: in mock_prometheus
    with patch.object(custom_metrics_module, 'PrometheusConnect') as mock:
/usr/lib/python3.12/unittest/mock.py:1458: in __enter__
    original, local = self.get_original()
                      ^^^^^^^^^^^^^^^^^^^
/usr/lib/python3.12/unittest/mock.py:1431: in get_original
    raise AttributeError(
E   AttributeError: <module 'custom_metrics' from '/home/bayajidswe/My-files/poridhi-project/node-fleet/tests/lambda/../../lambda/custom_metrics.py'> does not have the attribute 'PrometheusConnect'
____________ ERROR at setup of test_evaluate_scaling_need_no_scale _____________
lambda/test_custom_metrics.py:23: in mock_prometheus
    with patch.object(custom_metrics_module, 'PrometheusConnect') as mock:
/usr/lib/python3.12/unittest/mock.py:1458: in __enter__
    original, local = self.get_original()
                      ^^^^^^^^^^^^^^^^^^^
/usr/lib/python3.12/unittest/mock.py:1431: in get_original
    raise AttributeError(
E   AttributeError: <module 'custom_metrics' from '/home/bayajidswe/My-files/poridhi-project/node-fleet/tests/lambda/../../lambda/custom_metrics.py'> does not have the attribute 'PrometheusConnect'
________ ERROR at setup of test_evaluate_scaling_need_multiple_triggers ________
lambda/test_custom_metrics.py:23: in mock_prometheus
    with patch.object(custom_metrics_module, 'PrometheusConnect') as mock:
/usr/lib/python3.12/unittest/mock.py:1458: in __enter__
    original, local = self.get_original()
                      ^^^^^^^^^^^^^^^^^^^
/usr/lib/python3.12/unittest/mock.py:1431: in get_original
    raise AttributeError(
E   AttributeError: <module 'custom_metrics' from '/home/bayajidswe/My-files/poridhi-project/node-fleet/tests/lambda/../../lambda/custom_metrics.py'> does not have the attribute 'PrometheusConnect'
________ ERROR at setup of test_get_custom_metrics_convenience_function ________
lambda/test_custom_metrics.py:23: in mock_prometheus
    with patch.object(custom_metrics_module, 'PrometheusConnect') as mock:
/usr/lib/python3.12/unittest/mock.py:1458: in __enter__
    original, local = self.get_original()
                      ^^^^^^^^^^^^^^^^^^^
/usr/lib/python3.12/unittest/mock.py:1431: in get_original
    raise AttributeError(
E   AttributeError: <module 'custom_metrics' from '/home/bayajidswe/My-files/poridhi-project/node-fleet/tests/lambda/../../lambda/custom_metrics.py'> does not have the attribute 'PrometheusConnect'
_______________ ERROR at setup of test_prometheus_error_handling _______________
lambda/test_custom_metrics.py:23: in mock_prometheus
    with patch.object(custom_metrics_module, 'PrometheusConnect') as mock:
/usr/lib/python3.12/unittest/mock.py:1458: in __enter__
    original, local = self.get_original()
                      ^^^^^^^^^^^^^^^^^^^
/usr/lib/python3.12/unittest/mock.py:1431: in get_original
    raise AttributeError(
E   AttributeError: <module 'custom_metrics' from '/home/bayajidswe/My-files/poridhi-project/node-fleet/tests/lambda/../../lambda/custom_metrics.py'> does not have the attribute 'PrometheusConnect'
________________ ERROR at setup of test_collect_metrics_success ________________
lambda/test_metrics_collector.py:21: in mock_prometheus
    with patch('lambda.metrics_collector.PrometheusConnect') as mock:
/usr/lib/python3.12/unittest/mock.py:1458: in __enter__
    original, local = self.get_original()
                      ^^^^^^^^^^^^^^^^^^^
/usr/lib/python3.12/unittest/mock.py:1431: in get_original
    raise AttributeError(
E   AttributeError: <module 'lambda.metrics_collector' from '/home/bayajidswe/My-files/poridhi-project/node-fleet/lambda/metrics_collector.py'> does not have the attribute 'PrometheusConnect'
____________ ERROR at setup of test_collect_metrics_empty_response _____________
lambda/test_metrics_collector.py:21: in mock_prometheus
    with patch('lambda.metrics_collector.PrometheusConnect') as mock:
/usr/lib/python3.12/unittest/mock.py:1458: in __enter__
    original, local = self.get_original()
                      ^^^^^^^^^^^^^^^^^^^
/usr/lib/python3.12/unittest/mock.py:1431: in get_original
    raise AttributeError(
E   AttributeError: <module 'lambda.metrics_collector' from '/home/bayajidswe/My-files/poridhi-project/node-fleet/lambda/metrics_collector.py'> does not have the attribute 'PrometheusConnect'
___________ ERROR at setup of test_collect_metrics_connection_error ____________
lambda/test_metrics_collector.py:21: in mock_prometheus
    with patch('lambda.metrics_collector.PrometheusConnect') as mock:
/usr/lib/python3.12/unittest/mock.py:1458: in __enter__
    original, local = self.get_original()
                      ^^^^^^^^^^^^^^^^^^^
/usr/lib/python3.12/unittest/mock.py:1431: in get_original
    raise AttributeError(
E   AttributeError: <module 'lambda.metrics_collector' from '/home/bayajidswe/My-files/poridhi-project/node-fleet/lambda/metrics_collector.py'> does not have the attribute 'PrometheusConnect'
_ ERROR at setup of TestCostOptimizationRecommender.test_analyze_spot_opportunities_low_usage _
monitoring/test_cost_system.py:124: in recommender
    return CostOptimizationRecommender(
E   TypeError: CostOptimizer.__init__() got an unexpected keyword argument 'cluster_name'
_ ERROR at setup of TestCostOptimizationRecommender.test_analyze_spot_opportunities_good_usage _
monitoring/test_cost_system.py:124: in recommender
    return CostOptimizationRecommender(
E   TypeError: CostOptimizer.__init__() got an unexpected keyword argument 'cluster_name'
_ ERROR at setup of TestCostOptimizationRecommender.test_analyze_reserved_instance_opportunities _
monitoring/test_cost_system.py:124: in recommender
    return CostOptimizationRecommender(
E   TypeError: CostOptimizer.__init__() got an unexpected keyword argument 'cluster_name'
_ ERROR at setup of TestCostOptimizationRecommender.test_analyze_multi_az_balance_balanced _
monitoring/test_cost_system.py:124: in recommender
    return CostOptimizationRecommender(
E   TypeError: CostOptimizer.__init__() got an unexpected keyword argument 'cluster_name'
_ ERROR at setup of TestCostOptimizationRecommender.test_analyze_multi_az_balance_unbalanced _
monitoring/test_cost_system.py:124: in recommender
    return CostOptimizationRecommender(
E   TypeError: CostOptimizer.__init__() got an unexpected keyword argument 'cluster_name'
_ ERROR at setup of TestCostOptimizationRecommender.test_generate_report_structure _
monitoring/test_cost_system.py:124: in recommender
    return CostOptimizationRecommender(
E   TypeError: CostOptimizer.__init__() got an unexpected keyword argument 'cluster_name'
_ ERROR at setup of TestCostOptimizationRecommender.test_estimate_downsize_savings _
monitoring/test_cost_system.py:124: in recommender
    return CostOptimizationRecommender(
E   TypeError: CostOptimizer.__init__() got an unexpected keyword argument 'cluster_name'
=================================== FAILURES ===================================
______________________ test_custom_metrics_collector_init ______________________
lambda/test_custom_metrics.py:31: in test_custom_metrics_collector_init
    with patch.object(custom_metrics_module, 'PrometheusConnect'):
/usr/lib/python3.12/unittest/mock.py:1458: in __enter__
    original, local = self.get_original()
                      ^^^^^^^^^^^^^^^^^^^
/usr/lib/python3.12/unittest/mock.py:1431: in get_original
    raise AttributeError(
E   AttributeError: <module 'custom_metrics' from '/home/bayajidswe/My-files/poridhi-project/node-fleet/tests/lambda/../../lambda/custom_metrics.py'> does not have the attribute 'PrometheusConnect'
_________________________ test_scale_up_on_demand_only _________________________
lambda/test_ec2_manager.py:45: in test_scale_up_on_demand_only
    result = manager.scale_up(nodes_to_add=2, reason="High CPU")
             ^^^^^^^^^^^^^^^^^^^^^^^^^^^^^^^^^^^^^^^^^^^^^^^^^^^
../lambda/ec2_manager.py:134: in scale_up
    ondemand_instances = self._launch_instances(
../lambda/ec2_manager.py:256: in _launch_instances
    response = self.ec2_client.run_instances(
test_venv/lib/python3.12/site-packages/botocore/client.py:602: in _api_call
    return self._make_api_call(operation_name, kwargs)
           ^^^^^^^^^^^^^^^^^^^^^^^^^^^^^^^^^^^^^^^^^^^
test_venv/lib/python3.12/site-packages/botocore/context.py:123: in wrapper
    return func(*args, **kwargs)
           ^^^^^^^^^^^^^^^^^^^^^
test_venv/lib/python3.12/site-packages/botocore/client.py:1078: in _make_api_call
    raise error_class(parsed_response, operation_name)
E   botocore.exceptions.ClientError: An error occurred (InvalidLaunchTemplateId.Malformed) when calling the RunInstances operation: The specified launch template ID 'lt-ondemand' is malformed.
------------------------------ Captured log call -------------------------------
INFO     root:ec2_manager.py:87 Scaling up: Adding 2 nodes. Reason: High CPU
INFO     root:spot_instance_helper.py:58 Scaling mix: adding 2 spot + 0 on-demand instances
INFO     root:spot_instance_helper.py:59 New totals will be: 2 spot + 2 on-demand
INFO     root:ec2_manager.py:119 Launching 2 spot instances
INFO     root:ec2_manager.py:247 Current AZ distribution: {'ap-southeast-1a': 1, 'ap-southeast-1b': 1}
ERROR    root:ec2_manager.py:282 Error launching instances: An error occurred (InvalidLaunchTemplateId.Malformed) when calling the RunInstances operation: The specified launch template ID 'lt-spot' is malformed.
WARNING  root:ec2_manager.py:127 Failed to launch Spot instances: An error occurred (InvalidLaunchTemplateId.Malformed) when calling the RunInstances operation: The specified launch template ID 'lt-spot' is malformed.. Falling back to On-Demand.
INFO     root:ec2_manager.py:133 Launching 2 on-demand instances
INFO     root:ec2_manager.py:247 Current AZ distribution: {'ap-southeast-1a': 1, 'ap-southeast-1b': 1}
ERROR    root:ec2_manager.py:282 Error launching instances: An error occurred (InvalidLaunchTemplateId.Malformed) when calling the RunInstances operation: The specified launch template ID 'lt-ondemand' is malformed.
ERROR    root:ec2_manager.py:161 Failed to scale up: An error occurred (InvalidLaunchTemplateId.Malformed) when calling the RunInstances operation: The specified launch template ID 'lt-ondemand' is malformed.
________________________ test_scale_up_mixed_instances _________________________
lambda/test_ec2_manager.py:66: in test_scale_up_mixed_instances
    result = manager.scale_up(nodes_to_add=2, reason="High CPU")
             ^^^^^^^^^^^^^^^^^^^^^^^^^^^^^^^^^^^^^^^^^^^^^^^^^^^
../lambda/ec2_manager.py:134: in scale_up
    ondemand_instances = self._launch_instances(
../lambda/ec2_manager.py:256: in _launch_instances
    response = self.ec2_client.run_instances(
test_venv/lib/python3.12/site-packages/botocore/client.py:602: in _api_call
    return self._make_api_call(operation_name, kwargs)
           ^^^^^^^^^^^^^^^^^^^^^^^^^^^^^^^^^^^^^^^^^^^
test_venv/lib/python3.12/site-packages/botocore/context.py:123: in wrapper
    return func(*args, **kwargs)
           ^^^^^^^^^^^^^^^^^^^^^
test_venv/lib/python3.12/site-packages/botocore/client.py:1078: in _make_api_call
    raise error_class(parsed_response, operation_name)
E   botocore.exceptions.ClientError: An error occurred (InvalidLaunchTemplateId.Malformed) when calling the RunInstances operation: The specified launch template ID 'lt-ondemand' is malformed.
------------------------------ Captured log call -------------------------------
INFO     root:ec2_manager.py:87 Scaling up: Adding 2 nodes. Reason: High CPU
INFO     root:spot_instance_helper.py:58 Scaling mix: adding 2 spot + 0 on-demand instances
INFO     root:spot_instance_helper.py:59 New totals will be: 2 spot + 2 on-demand
INFO     root:ec2_manager.py:119 Launching 2 spot instances
INFO     root:ec2_manager.py:247 Current AZ distribution: {'ap-southeast-1a': 1, 'ap-southeast-1b': 1}
ERROR    root:ec2_manager.py:282 Error launching instances: An error occurred (InvalidLaunchTemplateId.Malformed) when calling the RunInstances operation: The specified launch template ID 'lt-spot' is malformed.
WARNING  root:ec2_manager.py:127 Failed to launch Spot instances: An error occurred (InvalidLaunchTemplateId.Malformed) when calling the RunInstances operation: The specified launch template ID 'lt-spot' is malformed.. Falling back to On-Demand.
INFO     root:ec2_manager.py:133 Launching 2 on-demand instances
INFO     root:ec2_manager.py:247 Current AZ distribution: {'ap-southeast-1a': 1, 'ap-southeast-1b': 1}
ERROR    root:ec2_manager.py:282 Error launching instances: An error occurred (InvalidLaunchTemplateId.Malformed) when calling the RunInstances operation: The specified launch template ID 'lt-ondemand' is malformed.
ERROR    root:ec2_manager.py:161 Failed to scale up: An error occurred (InvalidLaunchTemplateId.Malformed) when calling the RunInstances operation: The specified launch template ID 'lt-ondemand' is malformed.
___________________________ test_scale_down_success ____________________________
lambda/test_ec2_manager.py:100: in test_scale_down_success
    assert len(result['instance_ids']) >= 1
E   assert 0 >= 1
E    +  where 0 = len([])
------------------------------ Captured log call -------------------------------
INFO     root:ec2_manager.py:175 Scaling down: Removing 1 nodes. Reason: Low CPU
INFO     root:ec2_manager.py:314 Selecting instances for termination using enhanced pod-aware strategy
INFO     root:ec2_manager.py:777 Attempting to load kubeconfig from Secrets Manager (node-fleet/kubeconfig)...
INFO     root:ec2_manager.py:790 Successfully loaded kubeconfig from Secrets Manager to /tmp/kubeconfig
WARNING  urllib3.connectionpool:connectionpool.py:868 Retrying (Retry(total=2, connect=None, read=None, redirect=None, status=None)) after connection broken by 'ConnectTimeoutError(<HTTPSConnection(host='10.0.1.138', port=6443) at 0x7fa160e91e80>, 'Connection to 10.0.1.138 timed out. (connect timeout=None)')': /api/v1/pods
WARNING  urllib3.connectionpool:connectionpool.py:868 Retrying (Retry(total=1, connect=None, read=None, redirect=None, status=None)) after connection broken by 'ConnectTimeoutError(<HTTPSConnection(host='10.0.1.138', port=6443) at 0x7fa160e91d00>, 'Connection to 10.0.1.138 timed out. (connect timeout=None)')': /api/v1/pods
WARNING  urllib3.connectionpool:connectionpool.py:868 Retrying (Retry(total=0, connect=None, read=None, redirect=None, status=None)) after connection broken by 'ConnectTimeoutError(<HTTPSConnection(host='10.0.1.138', port=6443) at 0x7fa160e91940>, 'Connection to 10.0.1.138 timed out. (connect timeout=None)')': /api/v1/pods
ERROR    root:ec2_manager.py:383 Error getting node pod info: HTTPSConnectionPool(host='10.0.1.138', port=6443): Max retries exceeded with url: /api/v1/pods (Caused by ConnectTimeoutError(<HTTPSConnection(host='10.0.1.138', port=6443) at 0x7fa160e91550>, 'Connection to 10.0.1.138 timed out. (connect timeout=None)'))
INFO     root:ec2_manager.py:318 Node pod distribution: {}
INFO     root:ec2_manager.py:340 Selected i-09f2b9cedc1c8b4f3 (Pods: 0, HasSTS: False)
INFO     root:ec2_manager.py:202 Draining node ip-10-0-1-112
INFO     root:ec2_manager.py:500 Cordoning node ip-10-0-1-112
WARNING  urllib3.connectionpool:connectionpool.py:868 Retrying (Retry(total=2, connect=None, read=None, redirect=None, status=None)) after connection broken by 'ConnectTimeoutError(<HTTPSConnection(host='10.0.1.138', port=6443) at 0x7fa16143df40>, 'Connection to 10.0.1.138 timed out. (connect timeout=None)')': /api/v1/nodes/ip-10-0-1-112
WARNING  urllib3.connectionpool:connectionpool.py:868 Retrying (Retry(total=1, connect=None, read=None, redirect=None, status=None)) after connection broken by 'ConnectTimeoutError(<HTTPSConnection(host='10.0.1.138', port=6443) at 0x7fa16143e150>, 'Connection to 10.0.1.138 timed out. (connect timeout=None)')': /api/v1/nodes/ip-10-0-1-112
WARNING  urllib3.connectionpool:connectionpool.py:868 Retrying (Retry(total=0, connect=None, read=None, redirect=None, status=None)) after connection broken by 'ConnectTimeoutError(<HTTPSConnection(host='10.0.1.138', port=6443) at 0x7fa16143cf80>, 'Connection to 10.0.1.138 timed out. (connect timeout=None)')': /api/v1/nodes/ip-10-0-1-112
ERROR    root:ec2_manager.py:639 Failed to drain node ip-10-0-1-112: HTTPSConnectionPool(host='10.0.1.138', port=6443): Max retries exceeded with url: /api/v1/nodes/ip-10-0-1-112 (Caused by ConnectTimeoutError(<HTTPSConnection(host='10.0.1.138', port=6443) at 0x7fa16143e450>, 'Connection to 10.0.1.138 timed out. (connect timeout=None)'))
ERROR    root:ec2_manager.py:749 Failed to uncordon node ip-10-0-1-112: Service host/port is not set.
WARNING  root:ec2_manager.py:204 Failed to drain ip-10-0-1-112, skipping termination
INFO     root:ec2_manager.py:216 Successfully terminated 0 instances: []
__________________________ test_get_worker_instances ___________________________
lambda/test_ec2_manager.py:156: in test_get_worker_instances
    mock_ec2.describe_instances.assert_called_once()
/usr/lib/python3.12/unittest/mock.py:923: in assert_called_once
    raise AssertionError(msg)
E   AssertionError: Expected 'describe_instances' to have been called once. Called 0 times.
__________________________ test_multi_az_distribution __________________________
lambda/test_multi_az.py:55: in test_multi_az_distribution
    result = manager.scale_up(nodes_to_add=4, reason="Testing multi-AZ")
             ^^^^^^^^^^^^^^^^^^^^^^^^^^^^^^^^^^^^^^^^^^^^^^^^^^^^^^^^^^^
../lambda/ec2_manager.py:134: in scale_up
    ondemand_instances = self._launch_instances(
../lambda/ec2_manager.py:256: in _launch_instances
    response = self.ec2_client.run_instances(
test_venv/lib/python3.12/site-packages/botocore/client.py:602: in _api_call
    return self._make_api_call(operation_name, kwargs)
           ^^^^^^^^^^^^^^^^^^^^^^^^^^^^^^^^^^^^^^^^^^^
test_venv/lib/python3.12/site-packages/botocore/context.py:123: in wrapper
    return func(*args, **kwargs)
           ^^^^^^^^^^^^^^^^^^^^^
test_venv/lib/python3.12/site-packages/botocore/client.py:1078: in _make_api_call
    raise error_class(parsed_response, operation_name)
E   botocore.exceptions.ClientError: An error occurred (InvalidLaunchTemplateId.Malformed) when calling the RunInstances operation: The specified launch template ID 'lt-test' is malformed.
------------------------------ Captured log call -------------------------------
INFO     root:ec2_manager.py:87 Scaling up: Adding 4 nodes. Reason: Testing multi-AZ
INFO     root:spot_instance_helper.py:58 Scaling mix: adding 4 spot + 0 on-demand instances
INFO     root:spot_instance_helper.py:59 New totals will be: 4 spot + 2 on-demand
INFO     root:ec2_manager.py:119 Launching 4 spot instances
INFO     root:ec2_manager.py:247 Current AZ distribution: {'ap-southeast-1a': 1, 'ap-southeast-1b': 1}
ERROR    root:ec2_manager.py:282 Error launching instances: An error occurred (InvalidLaunchTemplateId.Malformed) when calling the RunInstances operation: The specified launch template ID 'lt-spot-test' is malformed.
WARNING  root:ec2_manager.py:127 Failed to launch Spot instances: An error occurred (InvalidLaunchTemplateId.Malformed) when calling the RunInstances operation: The specified launch template ID 'lt-spot-test' is malformed.. Falling back to On-Demand.
INFO     root:ec2_manager.py:133 Launching 4 on-demand instances
INFO     root:ec2_manager.py:247 Current AZ distribution: {'ap-southeast-1a': 1, 'ap-southeast-1b': 1}
ERROR    root:ec2_manager.py:282 Error launching instances: An error occurred (InvalidLaunchTemplateId.Malformed) when calling the RunInstances operation: The specified launch template ID 'lt-test' is malformed.
ERROR    root:ec2_manager.py:161 Failed to scale up: An error occurred (InvalidLaunchTemplateId.Malformed) when calling the RunInstances operation: The specified launch template ID 'lt-test' is malformed.
_____________________________ test_az_round_robin ______________________________
lambda/test_multi_az.py:84: in test_az_round_robin
    result = manager.scale_up(nodes_to_add=6, reason="Testing round-robin")
             ^^^^^^^^^^^^^^^^^^^^^^^^^^^^^^^^^^^^^^^^^^^^^^^^^^^^^^^^^^^^^^
../lambda/ec2_manager.py:134: in scale_up
    ondemand_instances = self._launch_instances(
../lambda/ec2_manager.py:256: in _launch_instances
    response = self.ec2_client.run_instances(
test_venv/lib/python3.12/site-packages/botocore/client.py:602: in _api_call
    return self._make_api_call(operation_name, kwargs)
           ^^^^^^^^^^^^^^^^^^^^^^^^^^^^^^^^^^^^^^^^^^^
test_venv/lib/python3.12/site-packages/botocore/context.py:123: in wrapper
    return func(*args, **kwargs)
           ^^^^^^^^^^^^^^^^^^^^^
test_venv/lib/python3.12/site-packages/botocore/client.py:1078: in _make_api_call
    raise error_class(parsed_response, operation_name)
E   botocore.exceptions.ClientError: An error occurred (InvalidLaunchTemplateId.Malformed) when calling the RunInstances operation: The specified launch template ID 'lt-test' is malformed.
------------------------------ Captured log call -------------------------------
INFO     root:ec2_manager.py:87 Scaling up: Adding 6 nodes. Reason: Testing round-robin
INFO     root:spot_instance_helper.py:58 Scaling mix: adding 5 spot + 1 on-demand instances
INFO     root:spot_instance_helper.py:59 New totals will be: 5 spot + 3 on-demand
INFO     root:ec2_manager.py:119 Launching 5 spot instances
INFO     root:ec2_manager.py:247 Current AZ distribution: {'ap-southeast-1a': 1, 'ap-southeast-1b': 1}
ERROR    root:ec2_manager.py:282 Error launching instances: An error occurred (InvalidLaunchTemplateId.Malformed) when calling the RunInstances operation: The specified launch template ID 'lt-spot-test' is malformed.
WARNING  root:ec2_manager.py:127 Failed to launch Spot instances: An error occurred (InvalidLaunchTemplateId.Malformed) when calling the RunInstances operation: The specified launch template ID 'lt-spot-test' is malformed.. Falling back to On-Demand.
INFO     root:ec2_manager.py:133 Launching 6 on-demand instances
INFO     root:ec2_manager.py:247 Current AZ distribution: {'ap-southeast-1a': 1, 'ap-southeast-1b': 1}
ERROR    root:ec2_manager.py:282 Error launching instances: An error occurred (InvalidLaunchTemplateId.Malformed) when calling the RunInstances operation: The specified launch template ID 'lt-test' is malformed.
ERROR    root:ec2_manager.py:161 Failed to scale up: An error occurred (InvalidLaunchTemplateId.Malformed) when calling the RunInstances operation: The specified launch template ID 'lt-test' is malformed.
__________________________ test_az_fallback_on_error ___________________________
lambda/test_multi_az.py:107: in test_az_fallback_on_error
    assert len(manager.availability_zones) == 2
               ^^^^^^^^^^^^^^^^^^^^^^^^^^
E   AttributeError: 'EC2Manager' object has no attribute 'availability_zones'
______________________________ test_store_metrics ______________________________
lambda/test_predictive_scaling.py:52: in test_store_metrics
    assert result is True
E   assert False is True
------------------------------ Captured log call -------------------------------
ERROR    root:predictive_scaling.py:65 Error storing metrics: An error occurred (ResourceNotFoundException) when calling the PutItem operation: Requested resource not found
_________________________ test_get_historical_metrics __________________________
lambda/test_predictive_scaling.py:94: in test_get_historical_metrics
    assert len(metrics) == 2
E   assert 0 == 2
E    +  where 0 = len([])
------------------------------ Captured log call -------------------------------
ERROR    root:predictive_scaling.py:102 Error retrieving historical metrics: An error occurred (ResourceNotFoundException) when calling the Scan operation: Requested resource not found
__________________ test_predict_next_hour_load_with_patterns ___________________
lambda/test_predictive_scaling.py:190: in test_predict_next_hour_load_with_patterns
    assert prediction is not None
E   assert None is not None
------------------------------ Captured log call -------------------------------
ERROR    root:predictive_scaling.py:102 Error retrieving historical metrics: An error occurred (ResourceNotFoundException) when calling the Scan operation: Requested resource not found
WARNING  root:predictive_scaling.py:182 Insufficient historical data for predictions
______________________ test_get_spot_interruption_notices ______________________
lambda/test_spot_instances.py:121: in test_get_spot_interruption_notices
    assert len(interrupted) == 1
E   assert 0 == 1
E    +  where 0 = len([])
________________________ test_handle_spot_interruption _________________________
lambda/test_spot_instances.py:133: in test_handle_spot_interruption
    assert result is True
E   assert False is True
------------------------------ Captured log call -------------------------------
INFO     root:spot_instance_helper.py:122 Handling spot interruption for i-spot-123
ERROR    root:spot_instance_helper.py:141 Error handling spot interruption for i-spot-123: An error occurred (InvalidID) when calling the CreateTags operation: The ID 'i-spot-123' is not valid
_____________________ test_get_spot_price_recommendations ______________________
lambda/test_spot_instances.py:170: in test_get_spot_price_recommendations
    assert len(prices) == 2
E   assert 0 == 2
E    +  where 0 = len({})
------------------------------ Captured log call -------------------------------
ERROR    root:spot_instance_helper.py:179 Error fetching spot prices: Parameter validation failed:
Unknown parameter in input: "AvailabilityZones", must be one of: AvailabilityZoneId, DryRun, StartTime, EndTime, InstanceTypes, ProductDescriptions, Filters, AvailabilityZone, MaxResults, NextToken
__________________________ test_acquire_lock_success ___________________________
lambda/test_state_manager.py:35: in test_acquire_lock_success
    result = manager.acquire_lock()
             ^^^^^^^^^^^^^^^^^^^^^^
../lambda/state_manager.py:44: in acquire_lock
    self.table.update_item(
test_venv/lib/python3.12/site-packages/boto3/resources/factory.py:581: in do_action
    response = action(self, *args, **kwargs)
               ^^^^^^^^^^^^^^^^^^^^^^^^^^^^^
test_venv/lib/python3.12/site-packages/boto3/resources/action.py:88: in __call__
    response = getattr(parent.meta.client, operation_name)(*args, **params)
               ^^^^^^^^^^^^^^^^^^^^^^^^^^^^^^^^^^^^^^^^^^^^^^^^^^^^^^^^^^^^
test_venv/lib/python3.12/site-packages/botocore/client.py:602: in _api_call
    return self._make_api_call(operation_name, kwargs)
           ^^^^^^^^^^^^^^^^^^^^^^^^^^^^^^^^^^^^^^^^^^^
test_venv/lib/python3.12/site-packages/botocore/context.py:123: in wrapper
    return func(*args, **kwargs)
           ^^^^^^^^^^^^^^^^^^^^^
test_venv/lib/python3.12/site-packages/botocore/client.py:1078: in _make_api_call
    raise error_class(parsed_response, operation_name)
E   botocore.errorfactory.ResourceNotFoundException: An error occurred (ResourceNotFoundException) when calling the UpdateItem operation: Requested resource not found
------------------------------ Captured log call -------------------------------
ERROR    root:state_manager.py:76 Error acquiring lock: An error occurred (ResourceNotFoundException) when calling the UpdateItem operation: Requested resource not found
________________________ test_acquire_lock_already_held ________________________
lambda/test_state_manager.py:50: in test_acquire_lock_already_held
    result = manager.acquire_lock()
             ^^^^^^^^^^^^^^^^^^^^^^
../lambda/state_manager.py:44: in acquire_lock
    self.table.update_item(
test_venv/lib/python3.12/site-packages/boto3/resources/factory.py:581: in do_action
    response = action(self, *args, **kwargs)
               ^^^^^^^^^^^^^^^^^^^^^^^^^^^^^
test_venv/lib/python3.12/site-packages/boto3/resources/action.py:88: in __call__
    response = getattr(parent.meta.client, operation_name)(*args, **params)
               ^^^^^^^^^^^^^^^^^^^^^^^^^^^^^^^^^^^^^^^^^^^^^^^^^^^^^^^^^^^^
test_venv/lib/python3.12/site-packages/botocore/client.py:602: in _api_call
    return self._make_api_call(operation_name, kwargs)
           ^^^^^^^^^^^^^^^^^^^^^^^^^^^^^^^^^^^^^^^^^^^
test_venv/lib/python3.12/site-packages/botocore/context.py:123: in wrapper
    return func(*args, **kwargs)
           ^^^^^^^^^^^^^^^^^^^^^
test_venv/lib/python3.12/site-packages/botocore/client.py:1078: in _make_api_call
    raise error_class(parsed_response, operation_name)
E   botocore.errorfactory.ResourceNotFoundException: An error occurred (ResourceNotFoundException) when calling the UpdateItem operation: Requested resource not found
------------------------------ Captured log call -------------------------------
ERROR    root:state_manager.py:76 Error acquiring lock: An error occurred (ResourceNotFoundException) when calling the UpdateItem operation: Requested resource not found
______________________________ test_release_lock _______________________________
lambda/test_state_manager.py:60: in test_release_lock
    manager.release_lock()
../lambda/state_manager.py:82: in release_lock
    self.table.update_item(
test_venv/lib/python3.12/site-packages/boto3/resources/factory.py:581: in do_action
    response = action(self, *args, **kwargs)
               ^^^^^^^^^^^^^^^^^^^^^^^^^^^^^
test_venv/lib/python3.12/site-packages/boto3/resources/action.py:88: in __call__
    response = getattr(parent.meta.client, operation_name)(*args, **params)
               ^^^^^^^^^^^^^^^^^^^^^^^^^^^^^^^^^^^^^^^^^^^^^^^^^^^^^^^^^^^^
test_venv/lib/python3.12/site-packages/botocore/client.py:602: in _api_call
    return self._make_api_call(operation_name, kwargs)
           ^^^^^^^^^^^^^^^^^^^^^^^^^^^^^^^^^^^^^^^^^^^
test_venv/lib/python3.12/site-packages/botocore/context.py:123: in wrapper
    return func(*args, **kwargs)
           ^^^^^^^^^^^^^^^^^^^^^
test_venv/lib/python3.12/site-packages/botocore/client.py:1078: in _make_api_call
    raise error_class(parsed_response, operation_name)
E   botocore.errorfactory.ResourceNotFoundException: An error occurred (ResourceNotFoundException) when calling the UpdateItem operation: Requested resource not found
------------------------------ Captured log call -------------------------------
ERROR    root:state_manager.py:93 Error releasing lock: An error occurred (ResourceNotFoundException) when calling the UpdateItem operation: Requested resource not found
____________________________ test_get_state_exists _____________________________
lambda/test_state_manager.py:77: in test_get_state_exists
    state = manager.get_state()
            ^^^^^^^^^^^^^^^^^^^
../lambda/state_manager.py:99: in get_state
    response = self.table.get_item(Key={'cluster_id': self.cluster_id})
               ^^^^^^^^^^^^^^^^^^^^^^^^^^^^^^^^^^^^^^^^^^^^^^^^^^^^^^^^
test_venv/lib/python3.12/site-packages/boto3/resources/factory.py:581: in do_action
    response = action(self, *args, **kwargs)
               ^^^^^^^^^^^^^^^^^^^^^^^^^^^^^
test_venv/lib/python3.12/site-packages/boto3/resources/action.py:88: in __call__
    response = getattr(parent.meta.client, operation_name)(*args, **params)
               ^^^^^^^^^^^^^^^^^^^^^^^^^^^^^^^^^^^^^^^^^^^^^^^^^^^^^^^^^^^^
test_venv/lib/python3.12/site-packages/botocore/client.py:602: in _api_call
    return self._make_api_call(operation_name, kwargs)
           ^^^^^^^^^^^^^^^^^^^^^^^^^^^^^^^^^^^^^^^^^^^
test_venv/lib/python3.12/site-packages/botocore/context.py:123: in wrapper
    return func(*args, **kwargs)
           ^^^^^^^^^^^^^^^^^^^^^
test_venv/lib/python3.12/site-packages/botocore/client.py:1078: in _make_api_call
    raise error_class(parsed_response, operation_name)
E   botocore.errorfactory.ResourceNotFoundException: An error occurred (ResourceNotFoundException) when calling the GetItem operation: Requested resource not found
------------------------------ Captured log call -------------------------------
ERROR    root:state_manager.py:120 Error getting state: An error occurred (ResourceNotFoundException) when calling the GetItem operation: Requested resource not found
__________________________ test_get_state_not_exists ___________________________
lambda/test_state_manager.py:88: in test_get_state_not_exists
    state = manager.get_state()
            ^^^^^^^^^^^^^^^^^^^
../lambda/state_manager.py:99: in get_state
    response = self.table.get_item(Key={'cluster_id': self.cluster_id})
               ^^^^^^^^^^^^^^^^^^^^^^^^^^^^^^^^^^^^^^^^^^^^^^^^^^^^^^^^
test_venv/lib/python3.12/site-packages/boto3/resources/factory.py:581: in do_action
    response = action(self, *args, **kwargs)
               ^^^^^^^^^^^^^^^^^^^^^^^^^^^^^
test_venv/lib/python3.12/site-packages/boto3/resources/action.py:88: in __call__
    response = getattr(parent.meta.client, operation_name)(*args, **params)
               ^^^^^^^^^^^^^^^^^^^^^^^^^^^^^^^^^^^^^^^^^^^^^^^^^^^^^^^^^^^^
test_venv/lib/python3.12/site-packages/botocore/client.py:602: in _api_call
    return self._make_api_call(operation_name, kwargs)
           ^^^^^^^^^^^^^^^^^^^^^^^^^^^^^^^^^^^^^^^^^^^
test_venv/lib/python3.12/site-packages/botocore/context.py:123: in wrapper
    return func(*args, **kwargs)
           ^^^^^^^^^^^^^^^^^^^^^
test_venv/lib/python3.12/site-packages/botocore/client.py:1078: in _make_api_call
    raise error_class(parsed_response, operation_name)
E   botocore.errorfactory.ResourceNotFoundException: An error occurred (ResourceNotFoundException) when calling the GetItem operation: Requested resource not found
------------------------------ Captured log call -------------------------------
ERROR    root:state_manager.py:120 Error getting state: An error occurred (ResourceNotFoundException) when calling the GetItem operation: Requested resource not found
______________________________ test_update_state _______________________________
lambda/test_state_manager.py:101: in test_update_state
    manager.update_state(7)
../lambda/state_manager.py:126: in update_state
    self.table.update_item(
test_venv/lib/python3.12/site-packages/boto3/resources/factory.py:581: in do_action
    response = action(self, *args, **kwargs)
               ^^^^^^^^^^^^^^^^^^^^^^^^^^^^^
test_venv/lib/python3.12/site-packages/boto3/resources/action.py:88: in __call__
    response = getattr(parent.meta.client, operation_name)(*args, **params)
               ^^^^^^^^^^^^^^^^^^^^^^^^^^^^^^^^^^^^^^^^^^^^^^^^^^^^^^^^^^^^
test_venv/lib/python3.12/site-packages/botocore/client.py:602: in _api_call
    return self._make_api_call(operation_name, kwargs)
           ^^^^^^^^^^^^^^^^^^^^^^^^^^^^^^^^^^^^^^^^^^^
test_venv/lib/python3.12/site-packages/botocore/context.py:123: in wrapper
    return func(*args, **kwargs)
           ^^^^^^^^^^^^^^^^^^^^^
test_venv/lib/python3.12/site-packages/botocore/client.py:1078: in _make_api_call
    raise error_class(parsed_response, operation_name)
E   botocore.errorfactory.ResourceNotFoundException: An error occurred (ResourceNotFoundException) when calling the UpdateItem operation: Requested resource not found
------------------------------ Captured log call -------------------------------
ERROR    root:state_manager.py:137 Error updating state: An error occurred (ResourceNotFoundException) when calling the UpdateItem operation: Requested resource not found
___________ TestCostSystemEndToEnd.test_full_cost_analysis_workflow ____________
monitoring/test_cost_system.py:294: in test_full_cost_analysis_workflow
    recommender = CostOptimizationRecommender()
                  ^^^^^^^^^^^^^^^^^^^^^^^^^^^^^
E   TypeError: CostOptimizer.__init__() missing 1 required positional argument: 'cluster_id'
================================ tests coverage ================================
_______________ coverage: platform linux, python 3.12.3-final-0 ________________

Name                                                                                                                                               Stmts   Miss  Cover   Missing
--------------------------------------------------------------------------------------------------------------------------------------------------------------------------------
/home/bayajidswe/My-files/poridhi-project/node-fleet/lambda/_yaml/__init__.py                                                                         11     11     0%   6-33
/home/bayajidswe/My-files/poridhi-project/node-fleet/lambda/audit_logger.py                                                                           65     65     0%   6-160
/home/bayajidswe/My-files/poridhi-project/node-fleet/lambda/autoscaler.py                                                                            214     80    63%   62-63, 75-112, 148-158, 168-170, 191-200, 210-233, 263, 289-301, 326-327, 333-334, 409, 450-451, 472-493
/home/bayajidswe/My-files/poridhi-project/node-fleet/lambda/boto3/__init__.py                                                                         31     31     0%   14-111
/home/bayajidswe/My-files/poridhi-project/node-fleet/lambda/boto3/compat.py                                                                           27     27     0%   13-82
/home/bayajidswe/My-files/poridhi-project/node-fleet/lambda/boto3/crt.py                                                                              61     61     0%   22-167
/home/bayajidswe/My-files/poridhi-project/node-fleet/lambda/boto3/docs/__init__.py                                                                    13     13     0%   13-51
/home/bayajidswe/My-files/poridhi-project/node-fleet/lambda/boto3/docs/action.py                                                                      59     59     0%   13-209
/home/bayajidswe/My-files/poridhi-project/node-fleet/lambda/boto3/docs/attr.py                                                                        22     22     0%   13-70
/home/bayajidswe/My-files/poridhi-project/node-fleet/lambda/boto3/docs/base.py                                                                        31     31     0%   13-51
/home/bayajidswe/My-files/poridhi-project/node-fleet/lambda/boto3/docs/client.py                                                                      10     10     0%   13-28
/home/bayajidswe/My-files/poridhi-project/node-fleet/lambda/boto3/docs/collection.py                                                                  65     65     0%   13-304
/home/bayajidswe/My-files/poridhi-project/node-fleet/lambda/boto3/docs/docstring.py                                                                   36     36     0%   13-77
/home/bayajidswe/My-files/poridhi-project/node-fleet/lambda/boto3/docs/method.py                                                                      24     24     0%   13-77
/home/bayajidswe/My-files/poridhi-project/node-fleet/lambda/boto3/docs/resource.py                                                                   199    199     0%   13-364
/home/bayajidswe/My-files/poridhi-project/node-fleet/lambda/boto3/docs/service.py                                                                     95     95     0%   13-202
/home/bayajidswe/My-files/poridhi-project/node-fleet/lambda/boto3/docs/subresource.py                                                                 57     57     0%   13-153
/home/bayajidswe/My-files/poridhi-project/node-fleet/lambda/boto3/docs/utils.py                                                                       73     73     0%   13-146
/home/bayajidswe/My-files/poridhi-project/node-fleet/lambda/boto3/docs/waiter.py                                                                      41     41     0%   13-130
/home/bayajidswe/My-files/poridhi-project/node-fleet/lambda/boto3/dynamodb/__init__.py                                                                 0      0   100%
/home/bayajidswe/My-files/poridhi-project/node-fleet/lambda/boto3/dynamodb/conditions.py                                                             188    188     0%   13-461
/home/bayajidswe/My-files/poridhi-project/node-fleet/lambda/boto3/dynamodb/table.py                                                                   55     55     0%   13-167
/home/bayajidswe/My-files/poridhi-project/node-fleet/lambda/boto3/dynamodb/transform.py                                                              111    111     0%   13-341
/home/bayajidswe/My-files/poridhi-project/node-fleet/lambda/boto3/dynamodb/types.py                                                                  158    158     0%   13-310
/home/bayajidswe/My-files/poridhi-project/node-fleet/lambda/boto3/ec2/__init__.py                                                                      0      0   100%
/home/bayajidswe/My-files/poridhi-project/node-fleet/lambda/boto3/ec2/createtags.py                                                                   12     12     0%   15-40
/home/bayajidswe/My-files/poridhi-project/node-fleet/lambda/boto3/ec2/deletetags.py                                                                    8      8     0%   13-37
/home/bayajidswe/My-files/poridhi-project/node-fleet/lambda/boto3/exceptions.py                                                                       37     37     0%   15-126
/home/bayajidswe/My-files/poridhi-project/node-fleet/lambda/boto3/resources/__init__.py                                                                0      0   100%
/home/bayajidswe/My-files/poridhi-project/node-fleet/lambda/boto3/resources/action.py                                                                 70     70     0%   14-257
/home/bayajidswe/My-files/poridhi-project/node-fleet/lambda/boto3/resources/base.py                                                                   58     58     0%   14-155
/home/bayajidswe/My-files/poridhi-project/node-fleet/lambda/boto3/resources/collection.py                                                            133    133     0%   14-572
/home/bayajidswe/My-files/poridhi-project/node-fleet/lambda/boto3/resources/factory.py                                                               152    152     0%   14-601
/home/bayajidswe/My-files/poridhi-project/node-fleet/lambda/boto3/resources/model.py                                                                 205    205     0%   26-632
/home/bayajidswe/My-files/poridhi-project/node-fleet/lambda/boto3/resources/params.py                                                                 55     55     0%   14-167
/home/bayajidswe/My-files/poridhi-project/node-fleet/lambda/boto3/resources/response.py                                                               92     92     0%   14-318
/home/bayajidswe/My-files/poridhi-project/node-fleet/lambda/boto3/s3/__init__.py                                                                       0      0   100%
/home/bayajidswe/My-files/poridhi-project/node-fleet/lambda/boto3/s3/constants.py                                                                      2      2     0%   16-17
/home/bayajidswe/My-files/poridhi-project/node-fleet/lambda/boto3/s3/inject.py                                                                       103    103     0%   13-890
/home/bayajidswe/My-files/poridhi-project/node-fleet/lambda/boto3/s3/transfer.py                                                                     114    114     0%   125-437
/home/bayajidswe/My-files/poridhi-project/node-fleet/lambda/boto3/session.py                                                                          92     92     0%   14-525
/home/bayajidswe/My-files/poridhi-project/node-fleet/lambda/boto3/utils.py                                                                            27     27     0%   13-98
/home/bayajidswe/My-files/poridhi-project/node-fleet/lambda/botocore/__init__.py                                                                      42     42     0%   15-139
/home/bayajidswe/My-files/poridhi-project/node-fleet/lambda/botocore/args.py                                                                         270    270     0%   20-770
/home/bayajidswe/My-files/poridhi-project/node-fleet/lambda/botocore/auth.py                                                                         590    590     0%   14-1155
/home/bayajidswe/My-files/poridhi-project/node-fleet/lambda/botocore/awsrequest.py                                                                   283    283     0%   14-635
/home/bayajidswe/My-files/poridhi-project/node-fleet/lambda/botocore/client.py                                                                       540    540     0%   13-1379
/home/bayajidswe/My-files/poridhi-project/node-fleet/lambda/botocore/compat.py                                                                       150    150     0%   14-347
/home/bayajidswe/My-files/poridhi-project/node-fleet/lambda/botocore/compress.py                                                                      75     75     0%   19-126
/home/bayajidswe/My-files/poridhi-project/node-fleet/lambda/botocore/config.py                                                                        54     54     0%   13-376
/home/bayajidswe/My-files/poridhi-project/node-fleet/lambda/botocore/configloader.py                                                                  99     99     0%   14-287
/home/bayajidswe/My-files/poridhi-project/node-fleet/lambda/botocore/configprovider.py                                                               325    325     0%   17-1013
/home/bayajidswe/My-files/poridhi-project/node-fleet/lambda/botocore/credentials.py                                                                  979    979     0%   14-2294
/home/bayajidswe/My-files/poridhi-project/node-fleet/lambda/botocore/crt/__init__.py                                                                   1      1     0%   19
/home/bayajidswe/My-files/poridhi-project/node-fleet/lambda/botocore/crt/auth.py                                                                     268    268     0%   14-621
/home/bayajidswe/My-files/poridhi-project/node-fleet/lambda/botocore/discovery.py                                                                    183    183     0%   13-281
/home/bayajidswe/My-files/poridhi-project/node-fleet/lambda/botocore/docs/__init__.py                                                                 13     13     0%   13-54
/home/bayajidswe/My-files/poridhi-project/node-fleet/lambda/botocore/docs/bcdoc/__init__.py                                                            1      1     0%   13
/home/bayajidswe/My-files/poridhi-project/node-fleet/lambda/botocore/docs/bcdoc/docstringparser.py                                                   175    175     0%   13-315
/home/bayajidswe/My-files/poridhi-project/node-fleet/lambda/botocore/docs/bcdoc/restdoc.py                                                           139    139     0%   13-282
/home/bayajidswe/My-files/poridhi-project/node-fleet/lambda/botocore/docs/bcdoc/style.py                                                             313    313     0%   14-447
/home/bayajidswe/My-files/poridhi-project/node-fleet/lambda/botocore/docs/client.py                                                                  232    232     0%   13-453
/home/bayajidswe/My-files/poridhi-project/node-fleet/lambda/botocore/docs/docstring.py                                                                38     38     0%   13-97
/home/bayajidswe/My-files/poridhi-project/node-fleet/lambda/botocore/docs/example.py                                                                 129    129     0%   13-236
/home/bayajidswe/My-files/poridhi-project/node-fleet/lambda/botocore/docs/method.py                                                                  102    102     0%   13-328
/home/bayajidswe/My-files/poridhi-project/node-fleet/lambda/botocore/docs/paginator.py                                                                69     69     0%   13-229
/home/bayajidswe/My-files/poridhi-project/node-fleet/lambda/botocore/docs/params.py                                                                  149    149     0%   13-303
/home/bayajidswe/My-files/poridhi-project/node-fleet/lambda/botocore/docs/service.py                                                                  63     63     0%   13-133
/home/bayajidswe/My-files/poridhi-project/node-fleet/lambda/botocore/docs/shape.py                                                                    43     43     0%   19-135
/home/bayajidswe/My-files/poridhi-project/node-fleet/lambda/botocore/docs/sharedexample.py                                                           142    142     0%   13-222
/home/bayajidswe/My-files/poridhi-project/node-fleet/lambda/botocore/docs/translator.py                                                               18     18     0%   13-62
/home/bayajidswe/My-files/poridhi-project/node-fleet/lambda/botocore/docs/utils.py                                                                    76     76     0%   13-225
/home/bayajidswe/My-files/poridhi-project/node-fleet/lambda/botocore/docs/waiter.py                                                                   55     55     0%   13-170
/home/bayajidswe/My-files/poridhi-project/node-fleet/lambda/botocore/endpoint.py                                                                     183    183     0%   15-441
/home/bayajidswe/My-files/poridhi-project/node-fleet/lambda/botocore/endpoint_provider.py                                                            305    305     0%   23-721
/home/bayajidswe/My-files/poridhi-project/node-fleet/lambda/botocore/errorfactory.py                                                                  32     32     0%   13-90
/home/bayajidswe/My-files/poridhi-project/node-fleet/lambda/botocore/eventstream.py                                                                  244    244     0%   15-622
/home/bayajidswe/My-files/poridhi-project/node-fleet/lambda/botocore/exceptions.py                                                                   229    229     0%   15-816
/home/bayajidswe/My-files/poridhi-project/node-fleet/lambda/botocore/handlers.py                                                                     489    489     0%   19-1431
/home/bayajidswe/My-files/poridhi-project/node-fleet/lambda/botocore/history.py                                                                       27     27     0%   13-55
/home/bayajidswe/My-files/poridhi-project/node-fleet/lambda/botocore/hooks.py                                                                        254    254     0%   13-660
/home/bayajidswe/My-files/poridhi-project/node-fleet/lambda/botocore/httpchecksum.py                                                                 261    261     0%   22-481
/home/bayajidswe/My-files/poridhi-project/node-fleet/lambda/botocore/httpsession.py                                                                  263    263     0%   1-509
/home/bayajidswe/My-files/poridhi-project/node-fleet/lambda/botocore/loaders.py                                                                      155    155     0%   105-525
/home/bayajidswe/My-files/poridhi-project/node-fleet/lambda/botocore/model.py                                                                        433    433     0%   15-955
/home/bayajidswe/My-files/poridhi-project/node-fleet/lambda/botocore/monitoring.py                                                                   221    221     0%   13-586
/home/bayajidswe/My-files/poridhi-project/node-fleet/lambda/botocore/paginate.py                                                                     366    366     0%   14-720
/home/bayajidswe/My-files/poridhi-project/node-fleet/lambda/botocore/parsers.py                                                                      580    580     0%   118-1116
/home/bayajidswe/My-files/poridhi-project/node-fleet/lambda/botocore/regions.py                                                                      333    333     0%   20-830
/home/bayajidswe/My-files/poridhi-project/node-fleet/lambda/botocore/response.py                                                                      87     87     0%   15-199
/home/bayajidswe/My-files/poridhi-project/node-fleet/lambda/botocore/retries/__init__.py                                                               0      0   100%
/home/bayajidswe/My-files/poridhi-project/node-fleet/lambda/botocore/retries/adaptive.py                                                              66     66     0%   1-132
/home/bayajidswe/My-files/poridhi-project/node-fleet/lambda/botocore/retries/base.py                                                                   6      6     0%   1-26
/home/bayajidswe/My-files/poridhi-project/node-fleet/lambda/botocore/retries/bucket.py                                                                70     70     0%   3-115
/home/bayajidswe/My-files/poridhi-project/node-fleet/lambda/botocore/retries/quota.py                                                                 24     24     0%   3-54
/home/bayajidswe/My-files/poridhi-project/node-fleet/lambda/botocore/retries/special.py                                                               28     28     0%   9-51
/home/bayajidswe/My-files/poridhi-project/node-fleet/lambda/botocore/retries/standard.py                                                             201    201     0%   27-532
/home/bayajidswe/My-files/poridhi-project/node-fleet/lambda/botocore/retries/throttling.py                                                            26     26     0%   1-53
/home/bayajidswe/My-files/poridhi-project/node-fleet/lambda/botocore/retryhandler.py                                                                 164    164     0%   15-416
/home/bayajidswe/My-files/poridhi-project/node-fleet/lambda/botocore/serialize.py                                                                    394    394     0%   41-805
/home/bayajidswe/My-files/poridhi-project/node-fleet/lambda/botocore/session.py                                                                      429    429     0%   19-1269
/home/bayajidswe/My-files/poridhi-project/node-fleet/lambda/botocore/signers.py                                                                      244    244     0%   13-873
/home/bayajidswe/My-files/poridhi-project/node-fleet/lambda/botocore/stub.py                                                                          98     98     0%   13-429
/home/bayajidswe/My-files/poridhi-project/node-fleet/lambda/botocore/tokens.py                                                                       182    182     0%   13-328
/home/bayajidswe/My-files/poridhi-project/node-fleet/lambda/botocore/translate.py                                                                     21     21     0%   14-78
/home/bayajidswe/My-files/poridhi-project/node-fleet/lambda/botocore/useragent.py                                                                    143    143     0%   26-504
/home/bayajidswe/My-files/poridhi-project/node-fleet/lambda/botocore/utils.py                                                                       1685   1685     0%   13-3563
/home/bayajidswe/My-files/poridhi-project/node-fleet/lambda/botocore/validate.py                                                                     200    200     0%   16-382
/home/bayajidswe/My-files/poridhi-project/node-fleet/lambda/botocore/vendored/__init__.py                                                              0      0   100%
/home/bayajidswe/My-files/poridhi-project/node-fleet/lambda/botocore/vendored/requests/__init__.py                                                     1      1     0%   7
/home/bayajidswe/My-files/poridhi-project/node-fleet/lambda/botocore/vendored/requests/exceptions.py                                                  25     25     0%   10-98
/home/bayajidswe/My-files/poridhi-project/node-fleet/lambda/botocore/vendored/requests/packages/__init__.py                                            2      2     0%   1-3
/home/bayajidswe/My-files/poridhi-project/node-fleet/lambda/botocore/vendored/requests/packages/urllib3/__init__.py                                    4      4     0%   5-10
/home/bayajidswe/My-files/poridhi-project/node-fleet/lambda/botocore/vendored/requests/packages/urllib3/exceptions.py                                 67     67     0%   4-169
/home/bayajidswe/My-files/poridhi-project/node-fleet/lambda/botocore/vendored/six.py                                                                 503    503     0%   23-998
/home/bayajidswe/My-files/poridhi-project/node-fleet/lambda/botocore/waiter.py                                                                       180    180     0%   13-392
/home/bayajidswe/My-files/poridhi-project/node-fleet/lambda/certifi/__init__.py                                                                        3      3     0%   1-4
/home/bayajidswe/My-files/poridhi-project/node-fleet/lambda/certifi/__main__.py                                                                        8      8     0%   1-12
/home/bayajidswe/My-files/poridhi-project/node-fleet/lambda/certifi/core.py                                                                           27     27     0%   7-83
/home/bayajidswe/My-files/poridhi-project/node-fleet/lambda/charset_normalizer/__init__.py                                                             9      9     0%   22-48
/home/bayajidswe/My-files/poridhi-project/node-fleet/lambda/charset_normalizer/__main__.py                                                             4      4     0%   1-6
/home/bayajidswe/My-files/poridhi-project/node-fleet/lambda/charset_normalizer/api.py                                                                214    214     0%   1-669
/home/bayajidswe/My-files/poridhi-project/node-fleet/lambda/charset_normalizer/cd.py                                                                 189    189     0%   1-393
/home/bayajidswe/My-files/poridhi-project/node-fleet/lambda/charset_normalizer/cli/__init__.py                                                         3      3     0%   1-5
/home/bayajidswe/My-files/poridhi-project/node-fleet/lambda/charset_normalizer/cli/__main__.py                                                       131    131     0%   1-381
/home/bayajidswe/My-files/poridhi-project/node-fleet/lambda/charset_normalizer/constant.py                                                            27     27     0%   1-2015
/home/bayajidswe/My-files/poridhi-project/node-fleet/lambda/charset_normalizer/legacy.py                                                              22     22     0%   1-76
/home/bayajidswe/My-files/poridhi-project/node-fleet/lambda/charset_normalizer/md.py                                                                 350    350     0%   1-635
/home/bayajidswe/My-files/poridhi-project/node-fleet/lambda/charset_normalizer/models.py                                                             185    185     0%   1-360
/home/bayajidswe/My-files/poridhi-project/node-fleet/lambda/charset_normalizer/utils.py                                                              214    214     0%   1-414
/home/bayajidswe/My-files/poridhi-project/node-fleet/lambda/charset_normalizer/version.py                                                              3      3     0%   5-8
/home/bayajidswe/My-files/poridhi-project/node-fleet/lambda/cost_optimizer.py                                                                        105     88    16%   22, 35-62, 72-93, 97-137, 142-156, 161-207, 211-233, 248-249
/home/bayajidswe/My-files/poridhi-project/node-fleet/lambda/custom_metrics.py                                                                         66     50    24%   22-27, 31-46, 50-51, 55-56, 60, 64-65, 69-70, 74-108, 112-120
/home/bayajidswe/My-files/poridhi-project/node-fleet/lambda/cycler/__init__.py                                                                       184    184     0%   44-573
/home/bayajidswe/My-files/poridhi-project/node-fleet/lambda/dateparser/__init__.py                                                                    12     12     0%   1-82
/home/bayajidswe/My-files/poridhi-project/node-fleet/lambda/dateparser/calendars/__init__.py                                                          93     93     0%   1-144
/home/bayajidswe/My-files/poridhi-project/node-fleet/lambda/dateparser/calendars/hijri.py                                                              4      4     0%   1-6
/home/bayajidswe/My-files/poridhi-project/node-fleet/lambda/dateparser/calendars/hijri_parser.py                                                      43     43     0%   1-60
/home/bayajidswe/My-files/poridhi-project/node-fleet/lambda/dateparser/calendars/jalali.py                                                             4      4     0%   1-9
/home/bayajidswe/My-files/poridhi-project/node-fleet/lambda/dateparser/calendars/jalali_parser.py                                                     74     74     0%   1-184
/home/bayajidswe/My-files/poridhi-project/node-fleet/lambda/dateparser/conf.py                                                                        94     94     0%   1-267
/home/bayajidswe/My-files/poridhi-project/node-fleet/lambda/dateparser/custom_language_detection/__init__.py                                           0      0   100%
/home/bayajidswe/My-files/poridhi-project/node-fleet/lambda/dateparser/custom_language_detection/fasttext.py                                          32     32     0%   1-43
/home/bayajidswe/My-files/poridhi-project/node-fleet/lambda/dateparser/custom_language_detection/langdetect.py                                        23     23     0%   1-37
/home/bayajidswe/My-files/poridhi-project/node-fleet/lambda/dateparser/custom_language_detection/language_mapping.py                                   3      3     0%   1-13
/home/bayajidswe/My-files/poridhi-project/node-fleet/lambda/dateparser/data/__init__.py                                                                2      2     0%   1-2
/home/bayajidswe/My-files/poridhi-project/node-fleet/lambda/dateparser/data/date_translation_data/__init__.py                                          0      0   100%
/home/bayajidswe/My-files/poridhi-project/node-fleet/lambda/dateparser/data/date_translation_data/af.py                                                1      1     0%   1
/home/bayajidswe/My-files/poridhi-project/node-fleet/lambda/dateparser/data/date_translation_data/agq.py                                               1      1     0%   1
/home/bayajidswe/My-files/poridhi-project/node-fleet/lambda/dateparser/data/date_translation_data/ak.py                                                1      1     0%   1
/home/bayajidswe/My-files/poridhi-project/node-fleet/lambda/dateparser/data/date_translation_data/am.py                                                1      1     0%   1
[...]
/home/bayajidswe/My-files/poridhi-project/node-fleet/lambda/websocket/_socket.py                                                                     115    115     0%   1-202
/home/bayajidswe/My-files/poridhi-project/node-fleet/lambda/websocket/_ssl_compat.py                                                                  22     22     0%   20-66
/home/bayajidswe/My-files/poridhi-project/node-fleet/lambda/websocket/_url.py                                                                         85     85     0%   1-189
/home/bayajidswe/My-files/poridhi-project/node-fleet/lambda/websocket/_utils.py                                                                       41     41     0%   1-460
/home/bayajidswe/My-files/poridhi-project/node-fleet/lambda/websocket/_wsdump.py                                                                     153    153     0%   22-244
/home/bayajidswe/My-files/poridhi-project/node-fleet/lambda/websocket/tests/__init__.py                                                                0      0   100%
/home/bayajidswe/My-files/poridhi-project/node-fleet/lambda/websocket/tests/echo-server.py                                                            11     11     0%   5-23
/home/bayajidswe/My-files/poridhi-project/node-fleet/lambda/websocket/tests/test_abnf.py                                                              60     60     0%   3-125
/home/bayajidswe/My-files/poridhi-project/node-fleet/lambda/websocket/tests/test_app.py                                                              183    183     0%   3-395
/home/bayajidswe/My-files/poridhi-project/node-fleet/lambda/websocket/tests/test_cookiejar.py                                                         78     78     0%   1-123
/home/bayajidswe/My-files/poridhi-project/node-fleet/lambda/websocket/tests/test_dispatcher.py                                                       228    228     0%   2-385
/home/bayajidswe/My-files/poridhi-project/node-fleet/lambda/websocket/tests/test_handshake_large_response.py                                          63     63     0%   2-158
/home/bayajidswe/My-files/poridhi-project/node-fleet/lambda/websocket/tests/test_http.py                                                             101    101     0%   3-370
/home/bayajidswe/My-files/poridhi-project/node-fleet/lambda/websocket/tests/test_large_payloads.py                                                   116    116     0%   2-273
/home/bayajidswe/My-files/poridhi-project/node-fleet/lambda/websocket/tests/test_socket.py                                                           202    202     0%   2-357
/home/bayajidswe/My-files/poridhi-project/node-fleet/lambda/websocket/tests/test_socket_bugs.py                                                       67     67     0%   2-160
/home/bayajidswe/My-files/poridhi-project/node-fleet/lambda/websocket/tests/test_ssl_compat.py                                                        44     44     0%   2-91
/home/bayajidswe/My-files/poridhi-project/node-fleet/lambda/websocket/tests/test_ssl_edge_cases.py                                                   339    339     0%   2-638
/home/bayajidswe/My-files/poridhi-project/node-fleet/lambda/websocket/tests/test_url.py                                                              251    251     0%   3-471
/home/bayajidswe/My-files/poridhi-project/node-fleet/lambda/websocket/tests/test_utils.py                                                             63     63     0%   2-138
/home/bayajidswe/My-files/poridhi-project/node-fleet/lambda/websocket/tests/test_websocket.py                                                        317    317     0%   3-501
/home/bayajidswe/My-files/poridhi-project/node-fleet/lambda/yaml/__init__.py                                                                         165    165     0%   2-388
/home/bayajidswe/My-files/poridhi-project/node-fleet/lambda/yaml/composer.py                                                                          92     92     0%   2-138
/home/bayajidswe/My-files/poridhi-project/node-fleet/lambda/yaml/constructor.py                                                                      479    479     0%   2-748
/home/bayajidswe/My-files/poridhi-project/node-fleet/lambda/yaml/cyaml.py                                                                             46     46     0%   2-100
/home/bayajidswe/My-files/poridhi-project/node-fleet/lambda/yaml/dumper.py                                                                            23     23     0%   2-61
/home/bayajidswe/My-files/poridhi-project/node-fleet/lambda/yaml/emitter.py                                                                          838    838     0%   9-1137
/home/bayajidswe/My-files/poridhi-project/node-fleet/lambda/yaml/error.py                                                                             58     58     0%   2-74
/home/bayajidswe/My-files/poridhi-project/node-fleet/lambda/yaml/events.py                                                                            61     61     0%   4-85
/home/bayajidswe/My-files/poridhi-project/node-fleet/lambda/yaml/loader.py                                                                            47     47     0%   2-63
/home/bayajidswe/My-files/poridhi-project/node-fleet/lambda/yaml/nodes.py                                                                             29     29     0%   2-48
/home/bayajidswe/My-files/poridhi-project/node-fleet/lambda/yaml/parser.py                                                                           352    352     0%   62-588
/home/bayajidswe/My-files/poridhi-project/node-fleet/lambda/yaml/reader.py                                                                           122    122     0%   18-185
/home/bayajidswe/My-files/poridhi-project/node-fleet/lambda/yaml/representer.py                                                                      248    248     0%   2-387
/home/bayajidswe/My-files/poridhi-project/node-fleet/lambda/yaml/resolver.py                                                                         135    135     0%   2-223
/home/bayajidswe/My-files/poridhi-project/node-fleet/lambda/yaml/scanner.py                                                                          758    758     0%   27-1435
/home/bayajidswe/My-files/poridhi-project/node-fleet/lambda/yaml/serializer.py                                                                        85     85     0%   2-110
/home/bayajidswe/My-files/poridhi-project/node-fleet/lambda/yaml/tokens.py                                                                            76     76     0%   2-103
/home/bayajidswe/My-files/poridhi-project/node-fleet/monitoring/cost_exporter.py                                                                     173     88    49%   197-208, 290-395, 399-412, 417-433
/home/bayajidswe/My-files/poridhi-project/node-fleet/monitoring/cost_optimizer.py                                                                    113    113     0%   7-262
lambda/test_autoscaler_integration.py                                                                                                                 70      0   100%
lambda/test_custom_metrics.py                                                                                                                        123     91    26%   24-26, 32-33, 38-46, 51-56, 61-69, 74-79, 84-92, 97-106, 111-116, 121-128, 133-142, 148-162, 167-181, 186-200, 205-219, 224-240, 245-260, 265-276, 281-286
lambda/test_ec2_manager.py                                                                                                                            51      7    86%   47-50, 68-70
lambda/test_metrics_collector.py                                                                                                                      36     18    50%   22-24, 30-42, 47-54, 65-68
lambda/test_multi_az.py                                                                                                                               42     13    69%   58-69, 86-94, 108-109
lambda/test_predictive_scaling.py                                                                                                                    139     13    91%   53-63, 95-96, 191-192
lambda/test_scaling_decision.py                                                                                                                       80      0   100%
lambda/test_spot_instances.py                                                                                                                         88      9    90%   122, 134-141, 171-172
lambda/test_state_manager.py                                                                                                                          56     13    77%   37-38, 52, 62, 79-80, 90-93, 103-105
--------------------------------------------------------------------------------------------------------------------------------------------------------------------------------
TOTAL                                                                                                                                             155199 153170     1%
Coverage HTML written to dir coverage/combined
FAIL Required test coverage of 30% not reached. Total coverage: 1.31%
=========================== short test summary info ============================
FAILED lambda/test_custom_metrics.py::test_custom_metrics_collector_init - AttributeError: <module 'custom_metrics' from '/home/bayajidswe/My-files/poridhi-project/node-fleet/tests/lambda/../../lambda/custom_metrics.py'> does not have the attribute 'PrometheusConnect'
FAILED lambda/test_ec2_manager.py::test_scale_up_on_demand_only - botocore.exceptions.ClientError: An error occurred (InvalidLaunchTemplateId.Malformed) when calling the RunInstances operation: The specified launch template ID 'lt-ondemand' is malformed.
FAILED lambda/test_ec2_manager.py::test_scale_up_mixed_instances - botocore.exceptions.ClientError: An error occurred (InvalidLaunchTemplateId.Malformed) when calling the RunInstances operation: The specified launch template ID 'lt-ondemand' is malformed.
FAILED lambda/test_ec2_manager.py::test_scale_down_success - assert 0 >= 1
 +  where 0 = len([])
FAILED lambda/test_ec2_manager.py::test_get_worker_instances - AssertionError: Expected 'describe_instances' to have been called once. Called 0 times.
FAILED lambda/test_multi_az.py::test_multi_az_distribution - botocore.exceptions.ClientError: An error occurred (InvalidLaunchTemplateId.Malformed) when calling the RunInstances operation: The specified launch template ID 'lt-test' is malformed.
FAILED lambda/test_multi_az.py::test_az_round_robin - botocore.exceptions.ClientError: An error occurred (InvalidLaunchTemplateId.Malformed) when calling the RunInstances operation: The specified launch template ID 'lt-test' is malformed.
FAILED lambda/test_multi_az.py::test_az_fallback_on_error - AttributeError: 'EC2Manager' object has no attribute 'availability_zones'
FAILED lambda/test_predictive_scaling.py::test_store_metrics - assert False is True
FAILED lambda/test_predictive_scaling.py::test_get_historical_metrics - assert 0 == 2
 +  where 0 = len([])
FAILED lambda/test_predictive_scaling.py::test_predict_next_hour_load_with_patterns - assert None is not None
FAILED lambda/test_spot_instances.py::test_get_spot_interruption_notices - assert 0 == 1
 +  where 0 = len([])
FAILED lambda/test_spot_instances.py::test_handle_spot_interruption - assert False is True
FAILED lambda/test_spot_instances.py::test_get_spot_price_recommendations - assert 0 == 2
 +  where 0 = len({})
FAILED lambda/test_state_manager.py::test_acquire_lock_success - botocore.errorfactory.ResourceNotFoundException: An error occurred (ResourceNotFoundException) when calling the UpdateItem operation: Requested resource not found
FAILED lambda/test_state_manager.py::test_acquire_lock_already_held - botocore.errorfactory.ResourceNotFoundException: An error occurred (ResourceNotFoundException) when calling the UpdateItem operation: Requested resource not found
FAILED lambda/test_state_manager.py::test_release_lock - botocore.errorfactory.ResourceNotFoundException: An error occurred (ResourceNotFoundException) when calling the UpdateItem operation: Requested resource not found
FAILED lambda/test_state_manager.py::test_get_state_exists - botocore.errorfactory.ResourceNotFoundException: An error occurred (ResourceNotFoundException) when calling the GetItem operation: Requested resource not found
FAILED lambda/test_state_manager.py::test_get_state_not_exists - botocore.errorfactory.ResourceNotFoundException: An error occurred (ResourceNotFoundException) when calling the GetItem operation: Requested resource not found
FAILED lambda/test_state_manager.py::test_update_state - botocore.errorfactory.ResourceNotFoundException: An error occurred (ResourceNotFoundException) when calling the UpdateItem operation: Requested resource not found
FAILED lambda/test_cost_system.py::TestCostSystemEndToEnd::test_full_cost_analysis_workflow - TypeError: CostOptimizer.__init__() missing 1 required positional argument: 'cluster_id'
ERROR lambda/test_custom_metrics.py::test_get_queue_depth - AttributeError: <module 'custom_metrics' from '/home/bayajidswe/My-files/poridhi-project/node-fleet/tests/lambda/../../lambda/custom_metrics.py'> does not have the attribute 'PrometheusConnect'
ERROR lambda/test_custom_metrics.py::test_get_queue_depth_no_data - AttributeError: <module 'custom_metrics' from '/home/bayajidswe/My-files/poridhi-project/node-fleet/tests/lambda/../../lambda/custom_metrics.py'> does not have the attribute 'PrometheusConnect'
ERROR lambda/test_custom_metrics.py::test_get_api_latency_p95 - AttributeError: <module 'custom_metrics' from '/home/bayajidswe/My-files/poridhi-project/node-fleet/tests/lambda/../../lambda/custom_metrics.py'> does not have the attribute 'PrometheusConnect'
ERROR lambda/test_custom_metrics.py::test_get_api_latency_no_data - AttributeError: <module 'custom_metrics' from '/home/bayajidswe/My-files/poridhi-project/node-fleet/tests/lambda/../../lambda/custom_metrics.py'> does not have the attribute 'PrometheusConnect'
ERROR lambda/test_custom_metrics.py::test_get_request_rate - AttributeError: <module 'custom_metrics' from '/home/bayajidswe/My-files/poridhi-project/node-fleet/tests/lambda/../../lambda/custom_metrics.py'> does not have the attribute 'PrometheusConnect'
ERROR lambda/test_custom_metrics.py::test_get_error_rate - AttributeError: <module 'custom_metrics' from '/home/bayajidswe/My-files/poridhi-project/node-fleet/tests/lambda/../../lambda/custom_metrics.py'> does not have the attribute 'PrometheusConnect'
ERROR lambda/test_custom_metrics.py::test_get_error_rate_no_errors - AttributeError: <module 'custom_metrics' from '/home/bayajidswe/My-files/poridhi-project/node-fleet/tests/lambda/../../lambda/custom_metrics.py'> does not have the attribute 'PrometheusConnect'
ERROR lambda/test_custom_metrics.py::test_get_active_connections - AttributeError: <module 'custom_metrics' from '/home/bayajidswe/My-files/poridhi-project/node-fleet/tests/lambda/../../lambda/custom_metrics.py'> does not have the attribute 'PrometheusConnect'
ERROR lambda/test_custom_metrics.py::test_get_custom_metric - AttributeError: <module 'custom_metrics' from '/home/bayajidswe/My-files/poridhi-project/node-fleet/tests/lambda/../../lambda/custom_metrics.py'> does not have the attribute 'PrometheusConnect'
ERROR lambda/test_custom_metrics.py::test_evaluate_scaling_need_queue_depth - AttributeError: <module 'custom_metrics' from '/home/bayajidswe/My-files/poridhi-project/node-fleet/tests/lambda/../../lambda/custom_metrics.py'> does not have the attribute 'PrometheusConnect'
ERROR lambda/test_custom_metrics.py::test_evaluate_scaling_need_latency - AttributeError: <module 'custom_metrics' from '/home/bayajidswe/My-files/poridhi-project/node-fleet/tests/lambda/../../lambda/custom_metrics.py'> does not have the attribute 'PrometheusConnect'
ERROR lambda/test_custom_metrics.py::test_evaluate_scaling_need_error_rate - AttributeError: <module 'custom_metrics' from '/home/bayajidswe/My-files/poridhi-project/node-fleet/tests/lambda/../../lambda/custom_metrics.py'> does not have the attribute 'PrometheusConnect'
ERROR lambda/test_custom_metrics.py::test_evaluate_scaling_need_connections - AttributeError: <module 'custom_metrics' from '/home/bayajidswe/My-files/poridhi-project/node-fleet/tests/lambda/../../lambda/custom_metrics.py'> does not have the attribute 'PrometheusConnect'
ERROR lambda/test_custom_metrics.py::test_evaluate_scaling_need_no_scale - AttributeError: <module 'custom_metrics' from '/home/bayajidswe/My-files/poridhi-project/node-fleet/tests/lambda/../../lambda/custom_metrics.py'> does not have the attribute 'PrometheusConnect'
ERROR lambda/test_custom_metrics.py::test_evaluate_scaling_need_multiple_triggers - AttributeError: <module 'custom_metrics' from '/home/bayajidswe/My-files/poridhi-project/node-fleet/tests/lambda/../../lambda/custom_metrics.py'> does not have the attribute 'PrometheusConnect'
ERROR lambda/test_custom_metrics.py::test_get_custom_metrics_convenience_function - AttributeError: <module 'custom_metrics' from '/home/bayajidswe/My-files/poridhi-project/node-fleet/tests/lambda/../../lambda/custom_metrics.py'> does not have the attribute 'PrometheusConnect'
ERROR lambda/test_custom_metrics.py::test_prometheus_error_handling - AttributeError: <module 'custom_metrics' from '/home/bayajidswe/My-files/poridhi-project/node-fleet/tests/lambda/../../lambda/custom_metrics.py'> does not have the attribute 'PrometheusConnect'
ERROR lambda/test_metrics_collector.py::test_collect_metrics_success - AttributeError: <module 'lambda.metrics_collector' from '/home/bayajidswe/My-files/poridhi-project/node-fleet/lambda/metrics_collector.py'> does not have the attribute 'PrometheusConnect'
ERROR lambda/test_metrics_collector.py::test_collect_metrics_empty_response - AttributeError: <module 'lambda.metrics_collector' from '/home/bayajidswe/My-files/poridhi-project/node-fleet/lambda/metrics_collector.py'> does not have the attribute 'PrometheusConnect'
ERROR lambda/test_metrics_collector.py::test_collect_metrics_connection_error - AttributeError: <module 'lambda.metrics_collector' from '/home/bayajidswe/My-files/poridhi-project/node-fleet/lambda/metrics_collector.py'> does not have the attribute 'PrometheusConnect'
ERROR lambda/test_cost_system.py::TestCostOptimizationRecommender::test_analyze_spot_opportunities_low_usage - TypeError: CostOptimizer.__init__() got an unexpected keyword argument 'cluster_name'
ERROR lambda/test_cost_system.py::TestCostOptimizationRecommender::test_analyze_spot_opportunities_good_usage - TypeError: CostOptimizer.__init__() got an unexpected keyword argument 'cluster_name'
ERROR lambda/test_cost_system.py::TestCostOptimizationRecommender::test_analyze_reserved_instance_opportunities - TypeError: CostOptimizer.__init__() got an unexpected keyword argument 'cluster_name'
ERROR lambda/test_cost_system.py::TestCostOptimizationRecommender::test_analyze_multi_az_balance_balanced - TypeError: CostOptimizer.__init__() got an unexpected keyword argument 'cluster_name'
ERROR lambda/test_cost_system.py::TestCostOptimizationRecommender::test_analyze_multi_az_balance_unbalanced - TypeError: CostOptimizer.__init__() got an unexpected keyword argument 'cluster_name'
ERROR lambda/test_cost_system.py::TestCostOptimizationRecommender::test_generate_report_structure - TypeError: CostOptimizer.__init__() got an unexpected keyword argument 'cluster_name'
ERROR lambda/test_cost_system.py::TestCostOptimizationRecommender::test_estimate_downsize_savings - TypeError: CostOptimizer.__init__() got an unexpected keyword argument 'cluster_name'
============ 21 failed, 47 passed, 27 errors in 1672.34s (0:27:52) =============
